C:\Program Files (x86)\MSBuild\14.0\bin\Microsoft.Common.CurrentVersion.targets(1611,5): warning : The referenced project 'D:\Libraries\learnstuff\learn_parallel\cs344\ZERO_CHECK.vcxproj' does not exist.
  Building NVCC (Device) object Problem Sets/Problem Set 1/CMakeFiles/HW1.dir/Release/HW1_generated_student_func.cu.obj
  student_func.cu
CUSTOMBUILD : nvcc warning : The 'compute_20', 'sm_20', and 'sm_21' architectures are deprecated, and may be removed in a future release (Use -Wno-deprecated-gpu-targets to suppress warning).
CUSTOMBUILD : nvcc warning : The 'compute_20', 'sm_20', and 'sm_21' architectures are deprecated, and may be removed in a future release (Use -Wno-deprecated-gpu-targets to suppress warning).
  student_func.cu
  Building Custom Rule D:/Libraries/learnstuff/learn_parallel/cs344/Problem Sets/Problem Set 1/CMakeLists.txt
  CMake does not need to re-run because D:/Libraries/learnstuff/learn_parallel/cs344/Problem Sets/Problem Set 1/CMakeFiles/generate.stamp is up-to-date.
  main.cpp
  reference_calc.cpp
D:\Libraries\learnstuff\learn_parallel\cs344\Problem Sets\Problem Set 1\reference_calc.cpp(13): warning C4244: '=': conversion from 'float' to 'unsigned char', possible loss of data
  compare.cpp
  Generating Code...
     Creating library D:/Libraries/learnstuff/learn_parallel/cs344/bin/Release/HW1.lib and object D:/Libraries/learnstuff/learn_parallel/cs344/bin/Release/HW1.exp
main.obj : error LNK2019: unresolved external symbol "void __cdecl cv::fastFree(void *)" (?fastFree@cv@@YAXPAX@Z) referenced in function "public: __thiscall cv::Mat::~Mat(void)" (??1Mat@cv@@QAE@XZ)
compare.obj : error LNK2001: unresolved external symbol "void __cdecl cv::fastFree(void *)" (?fastFree@cv@@YAXPAX@Z)
main.obj : error LNK2019: unresolved external symbol "private: char * __thiscall cv::String::allocate(unsigned int)" (?allocate@String@cv@@AAEPADI@Z) referenced in function "public: __thiscall cv::Mat::Mat(int,int,int,void *,unsigned int)" (??0Mat@cv@@QAE@HHHPAXI@Z)
compare.obj : error LNK2001: unresolved external symbol "private: char * __thiscall cv::String::allocate(unsigned int)" (?allocate@String@cv@@AAEPADI@Z)
main.obj : error LNK2019: unresolved external symbol "private: void __thiscall cv::String::deallocate(void)" (?deallocate@String@cv@@AAEXXZ) referenced in function "public: virtual void __thiscall cvflann::anyimpl::big_any_policy<class cv::String>::static_delete(void * *)" (?static_delete@?$big_any_policy@VString@cv@@@anyimpl@cvflann@@UAEXPAPAX@Z)
compare.obj : error LNK2001: unresolved external symbol "private: void __thiscall cv::String::deallocate(void)" (?deallocate@String@cv@@AAEXXZ)
main.obj : error LNK2019: unresolved external symbol "void __cdecl cv::error(int,class cv::String const &,char const *,char const *,int)" (?error@cv@@YAXHABVString@1@PBD1H@Z) referenced in function "public: __thiscall cv::Mat::Mat(int,int,int,void *,unsigned int)" (??0Mat@cv@@QAE@HHHPAXI@Z)
main.obj : error LNK2019: unresolved external symbol "public: void __thiscall cv::Mat::create(int,int const *,int)" (?create@Mat@cv@@QAEXHPBHH@Z) referenced in function "void __cdecl preProcess(struct uchar4 * *,unsigned char * *,struct uchar4 * *,unsigned char * *,class std::basic_string<char,struct std::char_traits<char>,class std::allocator<char> > const &)" (?preProcess@@YAXPAPAUuchar4@@PAPAE01ABV?$basic_string@DU?$char_traits@D@std@@V?$allocator@D@2@@std@@@Z)
main.obj : error LNK2019: unresolved external symbol "public: void __thiscall cv::Mat::deallocate(void)" (?deallocate@Mat@cv@@QAEXXZ) referenced in function "public: void __thiscall cv::Mat::release(void)" (?release@Mat@cv@@QAEXXZ)
compare.obj : error LNK2001: unresolved external symbol "public: void __thiscall cv::Mat::deallocate(void)" (?deallocate@Mat@cv@@QAEXXZ)
main.obj : error LNK2019: unresolved external symbol "class cv::Mat __cdecl cv::imread(class cv::String const &,int)" (?imread@cv@@YA?AVMat@1@ABVString@1@H@Z) referenced in function "void __cdecl generateReferenceImage(class std::basic_string<char,struct std::char_traits<char>,class std::allocator<char> >,class std::basic_string<char,struct std::char_traits<char>,class std::allocator<char> >)" (?generateReferenceImage@@YAXV?$basic_string@DU?$char_traits@D@std@@V?$allocator@D@2@@std@@0@Z)
compare.obj : error LNK2001: unresolved external symbol "class cv::Mat __cdecl cv::imread(class cv::String const &,int)" (?imread@cv@@YA?AVMat@1@ABVString@1@H@Z)
main.obj : error LNK2019: unresolved external symbol "bool __cdecl cv::imwrite(class cv::String const &,class cv::_InputArray const &,class std::vector<int,class std::allocator<int> > const &)" (?imwrite@cv@@YA_NABVString@1@ABV_InputArray@1@ABV?$vector@HV?$allocator@H@std@@@std@@@Z) referenced in function "void __cdecl generateReferenceImage(class std::basic_string<char,struct std::char_traits<char>,class std::allocator<char> >,class std::basic_string<char,struct std::char_traits<char>,class std::allocator<char> >)" (?generateReferenceImage@@YAXV?$basic_string@DU?$char_traits@D@std@@V?$allocator@D@2@@std@@0@Z)
compare.obj : error LNK2001: unresolved external symbol "bool __cdecl cv::imwrite(class cv::String const &,class cv::_InputArray const &,class std::vector<int,class std::allocator<int> > const &)" (?imwrite@cv@@YA_NABVString@1@ABV_InputArray@1@ABV?$vector@HV?$allocator@H@std@@@std@@@Z)
main.obj : error LNK2019: unresolved external symbol "void __cdecl cv::cvtColor(class cv::_InputArray const &,class cv::_OutputArray const &,int,int)" (?cvtColor@cv@@YAXABV_InputArray@1@ABV_OutputArray@1@HH@Z) referenced in function "void __cdecl preProcess(struct uchar4 * *,unsigned char * *,struct uchar4 * *,unsigned char * *,class std::basic_string<char,struct std::char_traits<char>,class std::allocator<char> > const &)" (?preProcess@@YAXPAPAUuchar4@@PAPAE01ABV?$basic_string@DU?$char_traits@D@std@@V?$allocator@D@2@@std@@@Z)
compare.obj : error LNK2019: unresolved external symbol "class cv::_InputOutputArray const & __cdecl cv::noArray(void)" (?noArray@cv@@YAABV_InputOutputArray@1@XZ) referenced in function "void __cdecl compareImages(class std::basic_string<char,struct std::char_traits<char>,class std::allocator<char> >,class std::basic_string<char,struct std::char_traits<char>,class std::allocator<char> >,bool,double,double)" (?compareImages@@YAXV?$basic_string@DU?$char_traits@D@std@@V?$allocator@D@2@@std@@0_NNN@Z)
compare.obj : error LNK2019: unresolved external symbol "public: class cv::Mat __thiscall cv::Mat::reshape(int,int)const " (?reshape@Mat@cv@@QBE?AV12@HH@Z) referenced in function "void __cdecl compareImages(class std::basic_string<char,struct std::char_traits<char>,class std::allocator<char> >,class std::basic_string<char,struct std::char_traits<char>,class std::allocator<char> >,bool,double,double)" (?compareImages@@YAXV?$basic_string@DU?$char_traits@D@std@@V?$allocator@D@2@@std@@0_NNN@Z)
compare.obj : error LNK2019: unresolved external symbol "class cv::MatExpr __cdecl cv::operator-(class cv::Mat const &,class cv::Mat const &)" (??Gcv@@YA?AVMatExpr@0@ABVMat@0@0@Z) referenced in function "void __cdecl compareImages(class std::basic_string<char,struct std::char_traits<char>,class std::allocator<char> >,class std::basic_string<char,struct std::char_traits<char>,class std::allocator<char> >,bool,double,double)" (?compareImages@@YAXV?$basic_string@DU?$char_traits@D@std@@V?$allocator@D@2@@std@@0_NNN@Z)
compare.obj : error LNK2019: unresolved external symbol "class cv::MatExpr __cdecl cv::operator-(class cv::Mat const &,class cv::Scalar_<double> const &)" (??Gcv@@YA?AVMatExpr@0@ABVMat@0@ABV?$Scalar_@N@0@@Z) referenced in function "void __cdecl compareImages(class std::basic_string<char,struct std::char_traits<char>,class std::allocator<char> >,class std::basic_string<char,struct std::char_traits<char>,class std::allocator<char> >,bool,double,double)" (?compareImages@@YAXV?$basic_string@DU?$char_traits@D@std@@V?$allocator@D@2@@std@@0_NNN@Z)
compare.obj : error LNK2019: unresolved external symbol "class cv::MatExpr __cdecl cv::operator*(class cv::MatExpr const &,double)" (??Dcv@@YA?AVMatExpr@0@ABV10@N@Z) referenced in function "void __cdecl compareImages(class std::basic_string<char,struct std::char_traits<char>,class std::allocator<char> >,class std::basic_string<char,struct std::char_traits<char>,class std::allocator<char> >,bool,double,double)" (?compareImages@@YAXV?$basic_string@DU?$char_traits@D@std@@V?$allocator@D@2@@std@@0_NNN@Z)
compare.obj : error LNK2019: unresolved external symbol "class cv::MatExpr __cdecl cv::abs(class cv::MatExpr const &)" (?abs@cv@@YA?AVMatExpr@1@ABV21@@Z) referenced in function "void __cdecl compareImages(class std::basic_string<char,struct std::char_traits<char>,class std::allocator<char> >,class std::basic_string<char,struct std::char_traits<char>,class std::allocator<char> >,bool,double,double)" (?compareImages@@YAXV?$basic_string@DU?$char_traits@D@std@@V?$allocator@D@2@@std@@0_NNN@Z)
compare.obj : error LNK2019: unresolved external symbol "void __cdecl cv::minMaxLoc(class cv::_InputArray const &,double *,double *,class cv::Point_<int> *,class cv::Point_<int> *,class cv::_InputArray const &)" (?minMaxLoc@cv@@YAXABV_InputArray@1@PAN1PAV?$Point_@H@1@20@Z) referenced in function "void __cdecl compareImages(class std::basic_string<char,struct std::char_traits<char>,class std::allocator<char> >,class std::basic_string<char,struct std::char_traits<char>,class std::allocator<char> >,bool,double,double)" (?compareImages@@YAXV?$basic_string@DU?$char_traits@D@std@@V?$allocator@D@2@@std@@0_NNN@Z)
D:\Program Files\opencv\build\x64\vc14\lib\opencv_world330.lib : warning LNK4272: library machine type 'x64' conflicts with target machine type 'X86'
D:\Libraries\learnstuff\learn_parallel\cs344\bin\Release\HW1.exe : fatal error LNK1120: 16 unresolved externals
