Determining if the pthread_create exist failed with the following output:
Change Dir: /home/guilherme/udacityClass/cs344/Problem Sets/Problem Set 1/CMakeFiles/CMakeTmp

Run Build Command:"/usr/bin/make" "cmTC_aa528/fast"
/usr/bin/make -f CMakeFiles/cmTC_aa528.dir/build.make CMakeFiles/cmTC_aa528.dir/build
make[1]: Entering directory '/home/guilherme/udacityClass/cs344/Problem Sets/Problem Set 1/CMakeFiles/CMakeTmp'
Building C object CMakeFiles/cmTC_aa528.dir/CheckSymbolExists.c.o
/usr/bin/cc    -fPIC    -o CMakeFiles/cmTC_aa528.dir/CheckSymbolExists.c.o   -c "/home/guilherme/udacityClass/cs344/Problem Sets/Problem Set 1/CMakeFiles/CMakeTmp/CheckSymbolExists.c"
Linking C executable cmTC_aa528
/usr/bin/cmake -E cmake_link_script CMakeFiles/cmTC_aa528.dir/link.txt --verbose=1
/usr/bin/cc  -fPIC     CMakeFiles/cmTC_aa528.dir/CheckSymbolExists.c.o  -o cmTC_aa528 -rdynamic 
CMakeFiles/cmTC_aa528.dir/CheckSymbolExists.c.o: In function `main':
CheckSymbolExists.c:(.text+0x1b): undefined reference to `pthread_create'
collect2: error: ld returned 1 exit status
CMakeFiles/cmTC_aa528.dir/build.make:97: recipe for target 'cmTC_aa528' failed
make[1]: *** [cmTC_aa528] Error 1
make[1]: Leaving directory '/home/guilherme/udacityClass/cs344/Problem Sets/Problem Set 1/CMakeFiles/CMakeTmp'
Makefile:126: recipe for target 'cmTC_aa528/fast' failed
make: *** [cmTC_aa528/fast] Error 2

File /home/guilherme/udacityClass/cs344/Problem Sets/Problem Set 1/CMakeFiles/CMakeTmp/CheckSymbolExists.c:
/* */
#include <pthread.h>

int main(int argc, char** argv)
{
  (void)argv;
#ifndef pthread_create
  return ((int*)(&pthread_create))[argc];
#else
  (void)argc;
  return 0;
#endif
}

Determining if the function pthread_create exists in the pthreads failed with the following output:
Change Dir: /home/guilherme/udacityClass/cs344/Problem Sets/Problem Set 1/CMakeFiles/CMakeTmp

Run Build Command:"/usr/bin/make" "cmTC_905ea/fast"
/usr/bin/make -f CMakeFiles/cmTC_905ea.dir/build.make CMakeFiles/cmTC_905ea.dir/build
make[1]: Entering directory '/home/guilherme/udacityClass/cs344/Problem Sets/Problem Set 1/CMakeFiles/CMakeTmp'
Building C object CMakeFiles/cmTC_905ea.dir/CheckFunctionExists.c.o
/usr/bin/cc    -fPIC -DCHECK_FUNCTION_EXISTS=pthread_create   -o CMakeFiles/cmTC_905ea.dir/CheckFunctionExists.c.o   -c /usr/share/cmake-3.5/Modules/CheckFunctionExists.c
Linking C executable cmTC_905ea
/usr/bin/cmake -E cmake_link_script CMakeFiles/cmTC_905ea.dir/link.txt --verbose=1
/usr/bin/cc  -fPIC -DCHECK_FUNCTION_EXISTS=pthread_create    CMakeFiles/cmTC_905ea.dir/CheckFunctionExists.c.o  -o cmTC_905ea -rdynamic -lpthreads 
/usr/bin/ld: cannot find -lpthreads
collect2: error: ld returned 1 exit status
CMakeFiles/cmTC_905ea.dir/build.make:97: recipe for target 'cmTC_905ea' failed
make[1]: *** [cmTC_905ea] Error 1
make[1]: Leaving directory '/home/guilherme/udacityClass/cs344/Problem Sets/Problem Set 1/CMakeFiles/CMakeTmp'
Makefile:126: recipe for target 'cmTC_905ea/fast' failed
make: *** [cmTC_905ea/fast] Error 2


